{"total": {"lines":{"total":210,"covered":22,"skipped":0,"pct":10.48},"statements":{"total":222,"covered":22,"skipped":0,"pct":9.91},"functions":{"total":12,"covered":4,"skipped":0,"pct":33.33},"branches":{"total":52,"covered":4,"skipped":0,"pct":7.69}}
,"/parse-server/cloud/src/Messaging.js": {"lines":{"total":106,"covered":1,"skipped":0,"pct":0.94},"functions":{"total":6,"covered":0,"skipped":0,"pct":0},"statements":{"total":112,"covered":1,"skipped":0,"pct":0.89},"branches":{"total":28,"covered":0,"skipped":0,"pct":0}}
,"/parse-server/cloud/src/PCChat.js": {"lines":{"total":100,"covered":18,"skipped":0,"pct":18},"functions":{"total":5,"covered":4,"skipped":0,"pct":80},"statements":{"total":106,"covered":18,"skipped":0,"pct":16.98},"branches":{"total":24,"covered":4,"skipped":0,"pct":16.67}}
,"/parse-server/cloud/src/main.js": {"lines":{"total":4,"covered":3,"skipped":0,"pct":75},"functions":{"total":1,"covered":0,"skipped":0,"pct":0},"statements":{"total":4,"covered":3,"skipped":0,"pct":75},"branches":{"total":0,"covered":0,"skipped":0,"pct":100}}
}
