{"total": {"lines":{"total":232,"covered":125,"skipped":0,"pct":53.88},"statements":{"total":263,"covered":131,"skipped":0,"pct":49.81},"functions":{"total":20,"covered":11,"skipped":0,"pct":55},"branches":{"total":52,"covered":23,"skipped":0,"pct":44.23}}
,"/parse-server/cloud/src/Messaging.js": {"lines":{"total":106,"covered":1,"skipped":0,"pct":0.94},"functions":{"total":6,"covered":0,"skipped":0,"pct":0},"statements":{"total":112,"covered":1,"skipped":0,"pct":0.89},"branches":{"total":28,"covered":0,"skipped":0,"pct":0}}
,"/parse-server/cloud/src/PCChat.js": {"lines":{"total":101,"covered":101,"skipped":0,"pct":100},"functions":{"total":5,"covered":5,"skipped":0,"pct":100},"statements":{"total":124,"covered":107,"skipped":0,"pct":86.29},"branches":{"total":24,"covered":23,"skipped":0,"pct":95.83}}
,"/parse-server/cloud/src/injectedPushConfig.js": {"lines":{"total":8,"covered":6,"skipped":0,"pct":75},"functions":{"total":3,"covered":1,"skipped":0,"pct":33.33},"statements":{"total":8,"covered":6,"skipped":0,"pct":75},"branches":{"total":0,"covered":0,"skipped":0,"pct":100}}
,"/parse-server/cloud/src/main.js": {"lines":{"total":2,"covered":2,"skipped":0,"pct":100},"functions":{"total":1,"covered":0,"skipped":0,"pct":0},"statements":{"total":4,"covered":2,"skipped":0,"pct":50},"branches":{"total":0,"covered":0,"skipped":0,"pct":100}}
,"/parse-server/cloud/src/specInjectionUserDefinedCode.js": {"lines":{"total":15,"covered":15,"skipped":0,"pct":100},"functions":{"total":5,"covered":5,"skipped":0,"pct":100},"statements":{"total":15,"covered":15,"skipped":0,"pct":100},"branches":{"total":0,"covered":0,"skipped":0,"pct":100}}
}
